[    0.000000] Initializing cgroup subsys cpuset
[    0.000000] Initializing cgroup subsys cpu
[    0.000000] Initializing cgroup subsys cpuacct
[    0.000000] Linux version 4.4.0-146-generic (buildd@lcy01-amd64-025) (gcc version 5.4.0 20160609 (Ubuntu 5.4.0-6ubuntu1~16.04.10) ) #172-Ubuntu SMP Wed Apr 3 09:00:08 UTC 2019 (Ubuntu 4.4.0-146.172-generic 4.4.177)
[    0.000000] Command line: BOOT_IMAGE=/boot/vmlinuz-4.4.0-146-generic root=LABEL=cloudimg-rootfs ro console=tty1 console=ttyS0
[    0.000000] KERNEL supported cpus:
[    0.000000]   Intel GenuineIntel
[    0.000000]   AMD AuthenticAMD
[    0.000000]   Centaur CentaurHauls
[    0.000000] x86/fpu: xstate_offset[2]:  576, xstate_sizes[2]:  256
[    0.000000] x86/fpu: Supporting XSAVE feature 0x01: 'x87 floating point registers'
[    0.000000] x86/fpu: Supporting XSAVE feature 0x02: 'SSE registers'
[    0.000000] x86/fpu: Supporting XSAVE feature 0x04: 'AVX registers'
[    0.000000] x86/fpu: Enabled xstate features 0x7, context size is 832 bytes, using 'standard' format.
[    0.000000] e820: BIOS-provided physical RAM map:
[    0.000000] BIOS-e820: [mem 0x0000000000000000-0x000000000009fbff] usable
[    0.000000] BIOS-e820: [mem 0x000000000009fc00-0x000000000009ffff] reserved
[    0.000000] BIOS-e820: [mem 0x00000000000f0000-0x00000000000fffff] reserved
[    0.000000] BIOS-e820: [mem 0x0000000000100000-0x000000003ffeffff] usable
[    0.000000] BIOS-e820: [mem 0x000000003fff0000-0x000000003fffffff] ACPI data
[    0.000000] BIOS-e820: [mem 0x00000000fec00000-0x00000000fec00fff] reserved
[    0.000000] BIOS-e820: [mem 0x00000000fee00000-0x00000000fee00fff] reserved
[    0.000000] BIOS-e820: [mem 0x00000000fffc0000-0x00000000ffffffff] reserved
[    0.000000] NX (Execute Disable) protection: active
[    0.000000] SMBIOS 2.5 present.
[    0.000000] Hypervisor detected: KVM
[    0.000000] e820: last_pfn = 0x3fff0 max_arch_pfn = 0x400000000
[    0.000000] MTRR: Disabled
[    0.000000] x86/PAT: MTRRs disabled, skipping PAT initialization too.
[    0.000000] CPU MTRRs all blank - virtualized system.
[    0.000000] x86/PAT: Configuration [0-7]: WB  WT  UC- UC  WB  WT  UC- UC  
[    0.000000] found SMP MP-table at [mem 0x0009fff0-0x0009ffff] mapped at [ffff88000009fff0]
[    0.000000] Scanning 1 areas for low memory corruption
[    0.000000] RAMDISK: [mem 0x362fa000-0x37174fff]
[    0.000000] ACPI: Early table checksum verification disabled
[    0.000000] ACPI: RSDP 0x00000000000E0000 000024 (v02 VBOX  )
[    0.000000] ACPI: XSDT 0x000000003FFF0030 00003C (v01 VBOX   VBOXXSDT 00000001 ASL  00000061)
[    0.000000] ACPI: FACP 0x000000003FFF00F0 0000F4 (v04 VBOX   VBOXFACP 00000001 ASL  00000061)
[    0.000000] ACPI: DSDT 0x000000003FFF0470 0022EA (v02 VBOX   VBOXBIOS 00000002 INTL 20100528)
[    0.000000] ACPI: FACS 0x000000003FFF0200 000040
[    0.000000] ACPI: FACS 0x000000003FFF0200 000040
[    0.000000] ACPI: APIC 0x000000003FFF0240 00005C (v02 VBOX   VBOXAPIC 00000001 ASL  00000061)
[    0.000000] ACPI: SSDT 0x000000003FFF02A0 0001CC (v01 VBOX   VBOXCPUT 00000002 INTL 20100528)
[    0.000000] No NUMA configuration found
[    0.000000] Faking a node at [mem 0x0000000000000000-0x000000003ffeffff]
[    0.000000] NODE_DATA(0) allocated [mem 0x3ffeb000-0x3ffeffff]
[    0.000000] kvm-clock: Using msrs 4b564d01 and 4b564d00
[    0.000000] kvm-clock: cpu 0, msr 0:3ffe3001, primary cpu clock
[    0.000000] kvm-clock: using sched offset of 8209389731 cycles
[    0.000000] clocksource: kvm-clock: mask: 0xffffffffffffffff max_cycles: 0x1cd42e4dffb, max_idle_ns: 881590591483 ns
[    0.000000] Zone ranges:
[    0.000000]   DMA      [mem 0x0000000000001000-0x0000000000ffffff]
[    0.000000]   DMA32    [mem 0x0000000001000000-0x000000003ffeffff]
[    0.000000]   Normal   empty
[    0.000000]   Device   empty
[    0.000000] Movable zone start for each node
[    0.000000] Early memory node ranges
[    0.000000]   node   0: [mem 0x0000000000001000-0x000000000009efff]
[    0.000000]   node   0: [mem 0x0000000000100000-0x000000003ffeffff]
[    0.000000] Initmem setup node 0 [mem 0x0000000000001000-0x000000003ffeffff]
[    0.000000] ACPI: PM-Timer IO Port: 0x4008
[    0.000000] IOAPIC[0]: apic_id 2, version 32, address 0xfec00000, GSI 0-23
[    0.000000] ACPI: INT_SRC_OVR (bus 0 bus_irq 0 global_irq 2 dfl dfl)
[    0.000000] ACPI: INT_SRC_OVR (bus 0 bus_irq 9 global_irq 9 low level)
[    0.000000] Using ACPI (MADT) for SMP configuration information
[    0.000000] smpboot: Allowing 2 CPUs, 0 hotplug CPUs
[    0.000000] PM: Registered nosave memory: [mem 0x00000000-0x00000fff]
[    0.000000] PM: Registered nosave memory: [mem 0x0009f000-0x0009ffff]
[    0.000000] PM: Registered nosave memory: [mem 0x000a0000-0x000effff]
[    0.000000] PM: Registered nosave memory: [mem 0x000f0000-0x000fffff]
[    0.000000] e820: [mem 0x40000000-0xfebfffff] available for PCI devices
[    0.000000] Booting paravirtualized kernel on KVM
[    0.000000] clocksource: refined-jiffies: mask: 0xffffffff max_cycles: 0xffffffff, max_idle_ns: 7645519600211568 ns
[    0.000000] setup_percpu: NR_CPUS:512 nr_cpumask_bits:512 nr_cpu_ids:2 nr_node_ids:1
[    0.000000] PERCPU: Embedded 34 pages/cpu @ffff88003fc00000 s99480 r8192 d31592 u1048576
[    0.000000] Built 1 zonelists in Node order, mobility grouping on.  Total pages: 257912
[    0.000000] Policy zone: DMA32
[    0.000000] Kernel command line: BOOT_IMAGE=/boot/vmlinuz-4.4.0-146-generic root=LABEL=cloudimg-rootfs ro console=tty1 console=ttyS0
[    0.000000] PID hash table entries: 4096 (order: 3, 32768 bytes)
[    0.000000] Memory: 997732K/1048120K available (8609K kernel code, 1334K rwdata, 4028K rodata, 1484K init, 1284K bss, 50388K reserved, 0K cma-reserved)
[    0.000000] SLUB: HWalign=64, Order=0-3, MinObjects=0, CPUs=2, Nodes=1
[    0.000000] Kernel/User page tables isolation: enabled
[    0.000000] Hierarchical RCU implementation.
[    0.000000] 	Build-time adjustment of leaf fanout to 64.
[    0.000000] 	RCU restricting CPUs from NR_CPUS=512 to nr_cpu_ids=2.
[    0.000000] RCU: Adjusting geometry for rcu_fanout_leaf=64, nr_cpu_ids=2
[    0.000000] NR_IRQS:33024 nr_irqs:440 16
[    0.000000] Console: colour VGA+ 80x25
[    0.000000] console [tty1] enabled
[    0.000000] console [ttyS0] enabled
[    0.000000] tsc: Detected 1599.999 MHz processor
[    0.260835] Calibrating delay loop (skipped) preset value.. 3199.99 BogoMIPS (lpj=6399996)
[    0.263890] pid_max: default: 32768 minimum: 301
[    0.265504] ACPI: Core revision 20150930
[    0.267986] ACPI: 2 ACPI AML tables successfully acquired and loaded
[    0.270566] Security Framework initialized
[    0.272129] Yama: becoming mindful.
[    0.273448] AppArmor: AppArmor initialized
[    0.274986] Dentry cache hash table entries: 131072 (order: 8, 1048576 bytes)
[    0.282057] Inode-cache hash table entries: 65536 (order: 7, 524288 bytes)
[    0.284773] Mount-cache hash table entries: 2048 (order: 2, 16384 bytes)
[    0.286991] Mountpoint-cache hash table entries: 2048 (order: 2, 16384 bytes)
[    0.289617] Initializing cgroup subsys io
[    0.291370] Initializing cgroup subsys memory
[    0.293365] Initializing cgroup subsys devices
[    0.294960] Initializing cgroup subsys freezer
[    0.296519] Initializing cgroup subsys net_cls
[    0.298092] Initializing cgroup subsys perf_event
[    0.299832] Initializing cgroup subsys net_prio
[    0.301694] Initializing cgroup subsys hugetlb
[    0.303337] Initializing cgroup subsys pids
[    0.305888] mce: CPU supports 0 MCE banks
[    0.307472] Last level iTLB entries: 4KB 64, 2MB 8, 4MB 8
[    0.310351] Last level dTLB entries: 4KB 64, 2MB 0, 4MB 0, 1GB 4
[    0.312661] Spectre V2 : Mitigation: Full generic retpoline
[    0.314555] Spectre V2 : Spectre v2 / SpectreRSB mitigation: Filling RSB on context switch
[    0.317706] Speculative Store Bypass: Vulnerable
[    0.323079] Freeing SMP alternatives memory: 36K
[    0.331965] ftrace: allocating 32287 entries in 127 pages
[    0.402748] smpboot: APIC(0) Converting physical 0 to logical package 0
[    0.405289] smpboot: Max logical packages: 1
[    0.407084] x2apic enabled
[    0.408540] Switched APIC routing to physical x2apic.
[    0.412108] ..TIMER: vector=0x30 apic1=0 pin1=2 apic2=-1 pin2=-1
[    0.519737] smpboot: CPU0: Intel(R) Core(TM) i5-5250U CPU @ 1.60GHz (family: 0x6, model: 0x3d, stepping: 0x4)
[    0.524154] Performance Events: unsupported p6 CPU model 61 no PMU driver, software events only.
[    0.539953] KVM setup paravirtual spinlock
[    0.543164] x86: Booting SMP configuration:
[    0.545234] .... node  #0, CPUs:      #1
[    0.546964] kvm-clock: cpu 1, msr 0:3ffe3041, secondary cpu clock
[    0.550069] mce: CPU supports 0 MCE banks
[    0.553182] x86: Booted up 1 node, 2 CPUs
[    0.555273] smpboot: Total of 2 processors activated (6399.99 BogoMIPS)
[    0.558625] devtmpfs: initialized
[    0.562541] evm: security.selinux
[    0.564023] evm: security.SMACK64
[    0.565589] evm: security.SMACK64EXEC
[    0.566986] evm: security.SMACK64TRANSMUTE
[    0.568971] evm: security.SMACK64MMAP
[    0.570619] evm: security.ima
[    0.571907] evm: security.capability
[    0.573508] clocksource: jiffies: mask: 0xffffffff max_cycles: 0xffffffff, max_idle_ns: 7645041785100000 ns
[    0.577483] futex hash table entries: 512 (order: 3, 32768 bytes)
[    0.580698] pinctrl core: initialized pinctrl subsystem
[    0.582955] RTC time: 15:09:49, date: 05/28/19
[    0.585249] NET: Registered protocol family 16
[    0.600689] cpuidle: using governor ladder
[    0.612815] cpuidle: using governor menu
[    0.615231] PCCT header not found.
[    0.617155] ACPI: bus type PCI registered
[    0.618737] acpiphp: ACPI Hot Plug PCI Controller Driver version: 0.5
[    0.621456] PCI: Using configuration type 1 for base access
[    0.638489] ACPI: Added _OSI(Module Device)
[    0.640794] ACPI: Added _OSI(Processor Device)
[    0.642920] ACPI: Added _OSI(3.0 _SCP Extensions)
[    0.645227] ACPI: Added _OSI(Processor Aggregator Device)
[    0.648925] ACPI: Executed 1 blocks of module-level executable AML code
[    0.653987] ACPI: Interpreter enabled
[    0.655340] ACPI: (supports S0 S5)
[    0.656675] ACPI: Using IOAPIC for interrupt routing
[    0.658724] PCI: Using host bridge windows from ACPI; if necessary, use "pci=nocrs" and report a bug
[    0.668569] ACPI: PCI Root Bridge [PCI0] (domain 0000 [bus 00-ff])
[    0.671387] acpi PNP0A03:00: _OSC: OS supports [ASPM ClockPM Segments MSI]
[    0.674679] acpi PNP0A03:00: _OSC: not requesting OS control; OS requires [ExtendedConfig ASPM ClockPM MSI]
[    0.679345] acpi PNP0A03:00: fail to add MMCONFIG information, can't access extended PCI configuration space under this bridge.
[    0.684462] PCI host bridge to bus 0000:00
[    0.686300] pci_bus 0000:00: root bus resource [io  0x0000-0x0cf7 window]
[    0.688731] pci_bus 0000:00: root bus resource [io  0x0d00-0xffff window]
[    0.692361] pci_bus 0000:00: root bus resource [mem 0x000a0000-0x000bffff window]
[    0.695690] pci_bus 0000:00: root bus resource [mem 0x40000000-0xfdffffff window]
[    0.698594] pci_bus 0000:00: root bus resource [bus 00-ff]
[    0.704969] pci 0000:00:01.1: legacy IDE quirk: reg 0x10: [io  0x01f0-0x01f7]
[    0.708118] pci 0000:00:01.1: legacy IDE quirk: reg 0x14: [io  0x03f6]
[    0.711878] pci 0000:00:01.1: legacy IDE quirk: reg 0x18: [io  0x0170-0x0177]
[    0.714851] pci 0000:00:01.1: legacy IDE quirk: reg 0x1c: [io  0x0376]
[    0.742333] pci 0000:00:07.0: quirk: [io  0x4000-0x403f] claimed by PIIX4 ACPI
[    0.746049] pci 0000:00:07.0: quirk: [io  0x4100-0x410f] claimed by PIIX4 SMB
[    0.770339] ACPI: PCI Interrupt Link [LNKA] (IRQs 5 9 10 *11)
[    0.773921] ACPI: PCI Interrupt Link [LNKB] (IRQs 5 9 *10 11)
[    0.776724] ACPI: PCI Interrupt Link [LNKC] (IRQs 5 *9 10 11)
[    0.780214] ACPI: PCI Interrupt Link [LNKD] (IRQs 5 9 10 *11)
[    0.783112] ACPI: Enabled 2 GPEs in block 00 to 07
[    0.785494] vgaarb: setting as boot device: PCI:0000:00:02.0
[    0.787402] vgaarb: device added: PCI:0000:00:02.0,decodes=io+mem,owns=io+mem,locks=none
[    0.790801] vgaarb: loaded
[    0.792155] vgaarb: bridge control possible 0000:00:02.0
[    0.795687] SCSI subsystem initialized
[    0.797802] ACPI: bus type USB registered
[    0.799675] usbcore: registered new interface driver usbfs
[    0.801976] usbcore: registered new interface driver hub
[    0.803892] usbcore: registered new device driver usb
[    0.806314] PCI: Using ACPI for IRQ routing
[    0.808774] NetLabel: Initializing
[    0.810874] NetLabel:  domain hash size = 128
[    0.812856] NetLabel:  protocols = UNLABELED CIPSOv4
[    0.816753] NetLabel:  unlabeled traffic allowed by default
[    0.819484] amd_nb: Cannot enumerate AMD northbridges
[    0.821674] clocksource: Switched to clocksource kvm-clock
[    0.833616] AppArmor: AppArmor Filesystem Enabled
[    0.835764] pnp: PnP ACPI init
[    0.838538] pnp: PnP ACPI: found 3 devices
[    0.850920] clocksource: acpi_pm: mask: 0xffffff max_cycles: 0xffffff, max_idle_ns: 2085701024 ns
[    0.854471] NET: Registered protocol family 2
[    0.856201] TCP established hash table entries: 8192 (order: 4, 65536 bytes)
[    0.858687] TCP bind hash table entries: 8192 (order: 5, 131072 bytes)
[    0.861271] TCP: Hash tables configured (established 8192 bind 8192)
[    0.863843] UDP hash table entries: 512 (order: 2, 16384 bytes)
[    0.865835] UDP-Lite hash table entries: 512 (order: 2, 16384 bytes)
[    0.868083] NET: Registered protocol family 1
[    0.870032] pci 0000:00:00.0: Limiting direct PCI/PCI transfers
[    0.872095] pci 0000:00:01.0: Activating ISA DMA hang workarounds
[    0.874415] Unpacking initramfs...
[    1.146217] Freeing initrd memory: 14828K
[    1.148185] RAPL PMU detected, API unit is 2^-32 Joules, 4 fixed counters 10737418240 ms ovfl timer
[    1.152377] hw unit of domain pp0-core 2^-0 Joules
[    1.154194] hw unit of domain package 2^-0 Joules
[    1.155846] hw unit of domain dram 2^-0 Joules
[    1.157397] hw unit of domain pp1-gpu 2^-0 Joules
[    1.159529] platform rtc_cmos: registered platform RTC device (no PNP device found)
[    1.163966] Scanning for low memory corruption every 60 seconds
[    1.166793] audit: initializing netlink subsys (disabled)
[    1.169425] audit: type=2000 audit(1559056199.932:1): initialized
[    1.172159] Initialise system trusted keyring
[    1.174078] HugeTLB registered 2 MB page size, pre-allocated 0 pages
[    1.178531] zbud: loaded
[    1.180466] VFS: Disk quotas dquot_6.6.0
[    1.182225] VFS: Dquot-cache hash table entries: 512 (order 0, 4096 bytes)
[    1.185365] squashfs: version 4.0 (2009/01/31) Phillip Lougher
[    1.188799] fuse init (API version 7.23)
[    1.191047] Key type big_key registered
[    1.193138] Allocating IMA MOK and blacklist keyrings.
[    1.198585] Key type asymmetric registered
[    1.200663] Asymmetric key parser 'x509' registered
[    1.202937] Block layer SCSI generic (bsg) driver version 0.4 loaded (major 249)
[    1.205739] io scheduler noop registered
[    1.207165] io scheduler deadline registered (default)
[    1.209825] io scheduler cfq registered
[    1.211854] pci_hotplug: PCI Hot Plug PCI Core version: 0.5
[    1.214235] pciehp: PCI Express Hot Plug Controller Driver version: 0.4
[    1.217813] ACPI: AC Adapter [AC] (on-line)
[    1.219411] input: Power Button as /devices/LNXSYSTM:00/LNXPWRBN:00/input/input0
[    1.222071] ACPI: Power Button [PWRF]
[    1.224093] input: Sleep Button as /devices/LNXSYSTM:00/LNXSLPBN:00/input/input1
[    1.227341] ACPI: Sleep Button [SLPF]
[    1.231090] ACPI: Battery Slot [BAT0] (battery present)
[    1.234906] GHES: HEST is not enabled!
[    1.236688] Serial: 8250/16550 driver, 32 ports, IRQ sharing enabled
[    1.260838] 00:02: ttyS0 at I/O 0x3f8 (irq = 4, base_baud = 115200) is a 16550A
[    1.270433] Linux agpgart interface v0.103
[    1.275706] loop: module loaded
[    1.277712] scsi host0: ata_piix
[    1.279735] scsi host1: ata_piix
[    1.281657] ata1: PATA max UDMA/33 cmd 0x1f0 ctl 0x3f6 bmdma 0xd000 irq 14
[    1.283977] ata2: PATA max UDMA/33 cmd 0x170 ctl 0x376 bmdma 0xd008 irq 15
[    1.286462] libphy: Fixed MDIO Bus: probed
[    1.288939] tun: Universal TUN/TAP device driver, 1.6
[    1.290980] tun: (C) 1999-2004 Max Krasnyansky <maxk@qualcomm.com>
[    1.293404] PPP generic driver version 2.4.2
[    1.295134] ehci_hcd: USB 2.0 'Enhanced' Host Controller (EHCI) Driver
[    1.298734] ehci-pci: EHCI PCI platform driver
[    1.300638] ehci-platform: EHCI generic platform driver
[    1.302689] ohci_hcd: USB 1.1 'Open' Host Controller (OHCI) Driver
[    1.305566] ohci-pci: OHCI PCI platform driver
[    1.307308] ohci-platform: OHCI generic platform driver
[    1.309235] uhci_hcd: USB Universal Host Controller Interface driver
[    1.311989] i8042: PNP: PS/2 Controller [PNP0303:PS2K,PNP0f03:PS2M] at 0x60,0x64 irq 1,12
[    1.316269] serio: i8042 KBD port at 0x60,0x64 irq 1
[    1.318287] serio: i8042 AUX port at 0x60,0x64 irq 12
[    1.321728] mousedev: PS/2 mouse device common for all mice
[    1.324386] input: AT Translated Set 2 keyboard as /devices/platform/i8042/serio0/input/input2
[    1.328889] rtc_cmos rtc_cmos: rtc core: registered rtc_cmos as rtc0
[    1.331806] rtc_cmos rtc_cmos: alarms up to one day, 114 bytes nvram
[    1.334097] i2c /dev entries driver
[    1.335637] device-mapper: uevent: version 1.0.3
[    1.338269] device-mapper: ioctl: 4.34.0-ioctl (2015-10-28) initialised: dm-devel@redhat.com
[    1.341536] ledtrig-cpu: registered to indicate activity on CPUs
[    1.345148] NET: Registered protocol family 10
[    1.347310] NET: Registered protocol family 17
[    1.348913] Key type dns_resolver registered
[    1.351035] registered taskstats version 1
[    1.353402] Loading compiled-in X.509 certificates
[    1.356091] Loaded X.509 cert 'Build time autogenerated kernel key: 4dcb2dc2c7cf43e0c20c44384f68683c20294489'
[    1.359990] zswap: loaded using pool lzo/zbud
[    1.364966] Key type trusted registered
[    1.372443] Key type encrypted registered
[    1.374155] AppArmor: AppArmor sha1 policy hashing enabled
[    1.376331] ima: No TPM chip found, activating TPM-bypass!
[    1.378711] ima: Allocated hash algorithm: sha1
[    1.380770] evm: HMAC attrs: 0x1
[    1.382722]   Magic number: 3:306:185
[    1.385302] rtc_cmos rtc_cmos: setting system clock to 2019-05-28 15:09:50 UTC (1559056190)
[    1.388916] BIOS EDD facility v0.16 2004-Jun-25, 0 devices found
[    1.391033] EDD information not available.
[    1.444615] Freeing unused kernel memory: 1484K
[    1.447410] Write protecting the kernel read-only data: 14336k
[    1.451649] Freeing unused kernel memory: 1620K
[    1.454210] Freeing unused kernel memory: 68K
Loading, please wait...
starting version 229
[    1.476663] random: systemd-udevd: uninitialized urandom read (16 bytes read, 3 bits of entropy available)
[    1.476788] random: udevadm: uninitialized urandom read (16 bytes read, 3 bits of entropy available)
[    1.476808] random: udevadm: uninitialized urandom read (16 bytes read, 3 bits of entropy available)
[    1.487851] random: udevadm: uninitialized urandom read (16 bytes read, 3 bits of entropy available)
[    1.487931] random: udevadm: uninitialized urandom read (16 bytes read, 3 bits of entropy available)
[    1.488383] random: udevadm: uninitialized urandom read (16 bytes read, 3 bits of entropy available)
[    1.488603] random: udevadm: uninitialized urandom read (16 bytes read, 3 bits of entropy available)
[    1.488706] random: udevadm: uninitialized urandom read (16 bytes read, 3 bits of entropy available)
[    1.489032] random: udevadm: uninitialized urandom read (16 bytes read, 3 bits of entropy available)
[    1.489136] random: udevadm: uninitialized urandom read (16 bytes read, 3 bits of entropy available)
[    1.558051] Fusion MPT base driver 3.04.20
[    1.559809] Copyright (c) 1999-2008 LSI Corporation
[    1.581426] Fusion MPT SPI Host driver 3.04.20
[    1.590019] e1000: Intel(R) PRO/1000 Network Driver - version 7.3.21-k8-NAPI
[    1.593435] e1000: Copyright (c) 1999-2006 Intel Corporation.
[    1.600242] mptbase: ioc0: Initiating bringup
[    1.615306] AVX2 version of gcm_enc/dec engaged.
[    1.617251] AES CTR mode by8 optimization enabled
[    1.673319] ioc0: LSI53C1030 A0: Capabilities={Initiator}
[    1.802222] input: ImExPS/2 Generic Explorer Mouse as /devices/platform/i8042/serio1/input/input4
[    1.957306] scsi host2: ioc0: LSI53C1030 A0, FwRev=00000000h, Ports=1, MaxQ=256, IRQ=20
[    2.200061] tsc: Refined TSC clocksource calibration: 1598.854 MHz
[    2.202866] clocksource: tsc: mask: 0xffffffffffffffff max_cycles: 0x170bea5610a, max_idle_ns: 440795232741 ns
[    2.207263] scsi 2:0:0:0: Direct-Access     VBOX     HARDDISK         1.0  PQ: 0 ANSI: 5
[    2.210417] scsi target2:0:0: Beginning Domain Validation
[    2.215303] scsi target2:0:0: Domain Validation skipping write tests
[    2.217646] scsi target2:0:0: Ending Domain Validation
[    2.219955] scsi target2:0:0: asynchronous
[    2.222736] scsi 2:0:1:0: Direct-Access     VBOX     HARDDISK         1.0  PQ: 0 ANSI: 5
[    2.225850] scsi target2:0:1: Beginning Domain Validation
[    2.230284] scsi target2:0:1: Domain Validation skipping write tests
[    2.232961] scsi target2:0:1: Ending Domain Validation
[    2.251726] scsi target2:0:1: asynchronous
[    2.266974] sd 2:0:0:0: Attached scsi generic sg0 type 0
[    2.269192] sd 2:0:0:0: [sda] 20971520 512-byte logical blocks: (10.7 GB/10.0 GiB)
[    2.272862] sd 2:0:1:0: [sdb] 20480 512-byte logical blocks: (10.5 MB/10.0 MiB)
[    2.275861] sd 2:0:1:0: Attached scsi generic sg1 type 0
[    2.278400] sd 2:0:1:0: [sdb] Write Protect is off
[    2.280249] sd 2:0:0:0: [sda] Write Protect is off
[    2.283326] sd 2:0:1:0: [sdb] Incomplete mode parameter data
[    2.285383] sd 2:0:1:0: [sdb] Assuming drive cache: write through
[    2.288576] sd 2:0:0:0: [sda] Incomplete mode parameter data
[    2.291365] sd 2:0:0:0: [sda] Assuming drive cache: write through
[    2.300866]  sda: sda1
[    2.303422] sd 2:0:1:0: [sdb] Attached SCSI disk
[    2.306344] sd 2:0:0:0: [sda] Attached SCSI disk
[    2.697831] e1000 0000:00:03.0 eth0: (PCI:33MHz:32-bit) 02:3a:f4:24:e2:72
[    2.704534] e1000 0000:00:03.0 eth0: Intel(R) PRO/1000 Network Connection
[    2.709091] e1000 0000:00:03.0 enp0s3: renamed from eth0
Begin: Loading essential drivers ... [    4.109148] md: linear personality registered for level -1
[    4.114884] md: multipath personality registered for level -4
[    4.121229] md: raid0 personality registered for level 0
[    4.129063] md: raid1 personality registered for level 1
[    4.202289] raid6: sse2x1   gen()  8136 MB/s
[    4.269726] raid6: sse2x1   xor()  5531 MB/s
[    4.337879] raid6: sse2x2   gen()  9672 MB/s
[    4.405783] raid6: sse2x2   xor()  5914 MB/s
[    4.474189] raid6: sse2x4   gen()  9984 MB/s
[    4.542233] raid6: sse2x4   xor()  6788 MB/s
[    4.609843] raid6: avx2x1   gen() 13799 MB/s
[    4.678003] raid6: avx2x2   gen() 14891 MB/s
[    4.746114] raid6: avx2x4   gen() 17269 MB/s
[    4.749002] raid6: using algorithm avx2x4 gen() 17269 MB/s
[    4.751571] raid6: using avx2x2 recovery algorithm
[    4.757911] xor: automatically using best checksumming function:
[    4.798080]    avx       : 20228.000 MB/sec
[    4.802185] async_tx: api initialized (async)
[    4.825179] md: raid6 personality registered for level 6
[    4.828145] md: raid5 personality registered for level 5
[    4.830772] md: raid4 personality registered for level 4
[    4.842965] md: raid10 personality registered for level 10
done.
Begin: Running /scripts/init-premount ... done.
Begin: Mounting root file system ... Begin: Running /scripts/local-top ... done.
Begin: Running /scripts/local-premount ... [    4.893206] Btrfs loaded
Scanning for Btrfs filesystems
done.
Warning: fsck not present, so skipping root file system
[    5.002476] EXT4-fs (sda1): mounted filesystem with ordered data mode. Opts: (null)
done.
Begin: Running /scripts/local-bottom ... done.
Begin: Running /scripts/init-bottom ... done.
[    5.411988] systemd[1]: systemd 229 running in system mode. (+PAM +AUDIT +SELINUX +IMA +APPARMOR +SMACK +SYSVINIT +UTMP +LIBCRYPTSETUP +GCRYPT +GNUTLS +ACL +XZ -LZ4 +SECCOMP +BLKID +ELFUTILS +KMOD -IDN)
[    5.419397] systemd[1]: Detected virtualization oracle.
[    5.422789] systemd[1]: Detected architecture x86-64.

Welcome to [1mUbuntu 16.04.6 LTS[0m!

[    5.434223] systemd[1]: Set hostname to <ubuntu>.
[    5.451158] systemd[1]: Initializing machine ID from random generator.
[    5.455510] systemd[1]: Installed transient /etc/machine-id file.
[    5.883332] systemd[1]: Listening on LVM2 poll daemon socket.
[[0;32m  OK  [0m] Listening on LVM2 poll daemon socket.
[    5.888178] systemd[1]: Set up automount Arbitrary Executable File Formats File System Automount Point.
[[0;32m  OK  [0m] Set up automount Arbitrary Executab...ats File System Automount Point.
[    5.896700] systemd[1]: Listening on Device-mapper event daemon FIFOs.
[[0;32m  OK  [0m] Listening on Device-mapper event daemon FIFOs.
[    5.902138] systemd[1]: Listening on LVM2 metadata daemon socket.
[[0;32m  OK  [0m] Listening on LVM2 metadata daemon socket.
[    5.915231] systemd[1]: Created slice User and Session Slice.
[[0;32m  OK  [0m] Created slice User and Session Slice.
[    5.921526] systemd[1]: Created slice System Slice.
[[0;32m  OK  [0m] Created slice System Slice.
[    5.925278] systemd[1]: Reached target Slices.
[[0;32m  OK  [0m] Reached target Slices.
[    5.929919] systemd[1]: Listening on Journal Audit Socket.
[[0;32m  OK  [0m] Listening on Journal Audit Socket.
[    5.935415] systemd[1]: Listening on /dev/initctl Compatibility Named Pipe.
[[0;32m  OK  [0m] Listening on /dev/initctl Compatibility Named Pipe.
[    5.941331] systemd[1]: Listening on Journal Socket (/dev/log).
[[0;32m  OK  [0m] Listening on Journal Socket (/dev/log).
[    5.947564] systemd[1]: Created slice system-serial\x2dgetty.slice.
[[0;32m  OK  [0m] Created slice system-serial\x2dgetty.slice.
[    5.953171] systemd[1]: Started Forward Password Requests to Wall Directory Watch.
[[0;32m  OK  [0m] Started Forward Password Requests to Wall Directory Watch.
[    5.960068] systemd[1]: Listening on Syslog Socket.
[[0;32m  OK  [0m] Listening on Syslog Socket.
[    5.964529] systemd[1]: Reached target Encrypted Volumes.
[[0;32m  OK  [0m] Reached target Encrypted Volumes.
[    5.969441] systemd[1]: Listening on udev Kernel Socket.
[[0;32m  OK  [0m] Listening on udev Kernel Socket.
[    5.973549] systemd[1]: Reached target User and Group Name Lookups.
[[0;32m  OK  [0m] Reached target User and Group Name Lookups.
[    5.983796] systemd[1]: Listening on udev Control Socket.
[[0;32m  OK  [0m] Listening on udev Control Socket.
[    5.990230] systemd[1]: Started Trigger resolvconf update for networkd DNS.
[[0;32m  OK  [0m] Started Trigger resolvconf update for networkd DNS.
[    6.010621] systemd[1]: Reached target Swap.
[[0;32m  OK  [0m] Reached target Swap.
[    6.015895] systemd[1]: Reached target System Time Synchronized.
[[0;32m  OK  [0m] Reached target System Time Synchronized.
[    6.020717] systemd[1]: Listening on Journal Socket.
[[0;32m  OK  [0m] Listening on Journal Socket.
[    6.038524] systemd[1]: Starting Journal Service...
         Starting Journal Service...
[    6.046034] systemd[1]: Mounting Huge Pages File System...
         Mounting Huge Pages File System...
[    6.057500] systemd[1]: Starting Create list of required static device nodes for the current kernel...
         Starting Create list of required st... nodes for the current kernel...
[    6.068241] systemd[1]: Starting Nameserver information manager...
         Starting Nameserver information manager...
[    6.074799] systemd[1]: Mounting POSIX Message Queue File System...
         Mounting POSIX Message Queue File System...
[    6.086119] systemd[1]: Starting Set console keymap...
         Starting Set console keymap...
[    6.095297] systemd[1]: Mounting Debug File System...
         Mounting Debug File System...
[    6.113361] systemd[1]: Starting Load Kernel Modules...
         Starting Load Kernel Modules...
[    6.121227] systemd[1]: Starting Remount Root and Kernel File Systems...
         Starting Remount Root and Kernel File Systems...
[    6.132996] systemd[1]: Starting Monitoring of LVM2 mirrors, snapshots etc. using dmeventd or progress polling...
         [    6.143555] EXT4-fs (sda1): re-mounted. Opts: (null)
Starting Monitoring of LVM2 mirrors... dmeventd or progress polling...
[    6.154212] systemd[1]: Starting Uncomplicated firewall...
         Starting Uncomplicated firewall...
[    6.159265] Loading iSCSI transport class v2.0-870.
[    6.167801] systemd[1]: Mounted POSIX Message Queue File System.
[[0;32m  OK  [0m] Mounted POSIX Message Queue File System.
[    6.174074] systemd[1]: Mounted Debug File System.
[[0;32m  OK  [0m] Mounted Debug File System.
[    6.186555] systemd[1]: Mounted Huge Pages File System.
[[0;32m  OK  [0m] Mounted Huge Pages File System.
[    6.197044] systemd[1]: Started Journal Service.
[[0;32m  OK  [0m] Started Journal Service.
[    6.202264] iscsi: registered transport (tcp)
[[0;32m  OK  [0m] Started Create list of required sta...ce nodes for the current kernel.
[[0;32m  OK  [0m] Started Set console keymap.
[[0;32m  OK  [0m] Started Remount Root and Kernel File Systems.
[[0;32m  OK  [0m] Started Uncomplicated firewall.
[[0;32m  OK  [0m] Started Nameserver information manager.
[    6.256661] iscsi: registered transport (iser)
[[0;32m  OK  [0m] Started Load Kernel Modules.
         Mounting FUSE Control File System...
         Starting Apply Kernel Variables...
[[0;32m  OK  [0m] Started LVM2 metadata daemon.
[    6.338975] random: nonblocking pool is initialized
         Starting Load/Save Random Seed...
         Starting udev Coldplug all Devices...
         Starting Create Static Device Nodes in /dev...
         Starting Flush Journal to Persistent Storage...
[[0;32m  OK  [0m] Mounted FUSE Control File System.
[[0;32m  OK  [0m] Started Load/Save Random Seed.
[[0;32m  OK  [0m] Started Apply Kernel Variables.
[[0;32m  OK  [0m] Started Create Static Device Nodes in /dev.
[[0;32m  OK  [0m] Started Flush Journal to Persistent Storage.
[[0;32m  OK  [0m] Started udev Coldplug all Devices.
         Starting udev Kernel Device Manager...
[[0;32m  OK  [0m] Started udev Kernel Device Manager.
[[0;32m  OK  [0m] Started Dispatch Password Requests to Console Directory Watch.
[[0;32m  OK  [0m] Found device /dev/ttyS0.
[[0;32m  OK  [0m] Listening on Load/Save RF Kill Switch Status /dev/rfkill Watch.
[[0;32m  OK  [0m] Started Monitoring of LVM2 mirrors,...ng dmeventd or progress polling.
[[0;32m  OK  [0m] Reached target Local File Systems (Pre).
[[0;32m  OK  [0m] Reached target Local File Systems.
         Starting Set console font and keymap...
         Starting Commit a transient machine-id on disk...
         Starting Tell Plymouth To Write Out Runtime Data...
         Starting Create Volatile Files and Directories...
         Starting LSB: AppArmor initialization...
         Starting Initial cloud-init job (pre-networking)...
[[0;32m  OK  [0m] Started Commit a transient machine-id on disk.
[[0;32m  OK  [0m] Started Tell Plymouth To Write Out Runtime Data.
[[0;32m  OK  [0m] Started Create Volatile Files and Directories.
         Starting Update UTMP about System Boot/Shutdown...
[[0;32m  OK  [0m] Started Update UTMP about System Boot/Shutdown.
[[0;32m  OK  [0m] Started Set console font and keymap.
[[0;32m  OK  [0m] Created slice system-getty.slice.
[[0;32m  OK  [0m] Started LSB: AppArmor initialization.
[    8.909562] cloud-init[637]: Cloud-init v. 18.5-45-g3554ffe8-0ubuntu1~16.04.1 running 'init-local' at Tue, 28 May 2019 15:09:58 +0000. Up 8.52 seconds.
[[0;32m  OK  [0m] Started Initial cloud-init job (pre-networking).
[[0;32m  OK  [0m] Reached target Network (Pre).
         Starting Raise network interfaces...
[[0;32m  OK  [0m] Started Raise network interfaces.
         Starting Initial cloud-init job (metadata service crawler)...
[[0;32m  OK  [0m] Reached target Network.
[   10.655474] cloud-init[936]: Cloud-init v. 18.5-45-g3554ffe8-0ubuntu1~16.04.1 running 'init' at Tue, 28 May 2019 15:09:59 +0000. Up 9.74 seconds.
[   10.660777] cloud-init[936]: ci-info: ++++++++++++++++++++++++++++++++++++++Net device info++++++++++++++++++++++++++++++++++++++
[   10.667708] cloud-init[936]: ci-info: +--------+------+----------------------------+---------------+--------+-------------------+
[   10.672285] cloud-init[936]: ci-info: | Device |  Up  |          Address           |      Mask     | Scope  |     Hw-Address    |
[   10.676947] cloud-init[936]: ci-info: +--------+------+----------------------------+---------------+--------+-------------------+
[   10.683372] cloud-init[936]: ci-info: | enp0s3 | True |         10.0.2.15          | 255.255.255.0 | global | 02:3a:f4:24:e2:72 |
[   10.688265] cloud-init[936]: ci-info: | enp0s3 | True | fe80::3a:f4ff:fe24:e272/64 |       .       |  link  | 02:3a:f4:24:e2:72 |
[   10.693198] cloud-init[936]: ci-info: |   lo   | True |         127.0.0.1          |   255.0.0.0   |  host  |         .         |
[   10.699727] cloud-init[936]: ci-info: |   lo   | True |          ::1/128           |       .       |  host  |         .         |
[   10.704687] cloud-init[936]: ci-info: +--------+------+----------------------------+---------------+--------+-------------------+
[   10.710464] cloud-init[936]: ci-info: +++++++++++++++++++++++++++Route IPv4 info++++++++++++++++++++++++++++
[   10.716398] cloud-init[936]: ci-info: +-------+-------------+----------+---------------+-----------+-------+
[   10.720666] cloud-init[936]: ci-info: | Route | Destination | Gateway  |    Genmask    | Interface | Flags |
[   10.725657] cloud-init[936]: ci-info: +-------+-------------+----------+---------------+-----------+-------+
[   10.731060] cloud-init[936]: ci-info: |   0   |   0.0.0.0   | 10.0.2.2 |    0.0.0.0    |   enp0s3  |   UG  |
[   10.735299] cloud-init[936]: ci-info: |   1   |   10.0.2.0  | 0.0.0.0  | 255.255.255.0 |   enp0s3  |   U   |
[   10.739468] cloud-init[936]: ci-info: +-------+-------------+----------+---------------+-----------+-------+
[   10.744657] cloud-init[936]: ci-info: +++++++++++++++++++Route IPv6 info+++++++++++++++++++
[   10.750108] cloud-init[936]: ci-info: +-------+-------------+---------+-----------+-------+
[   10.753867] cloud-init[936]: ci-info: | Route | Destination | Gateway | Interface | Flags |
[   10.757290] cloud-init[936]: ci-info: +-------+-------------+---------+-----------+-------+
[   10.763187] cloud-init[936]: ci-info: |   0   |  fe80::/64  |    ::   |   enp0s3  |   U   |
[   10.766438] cloud-init[936]: ci-info: |   3   |   ff00::/8  |    ::   |   enp0s3  |   U   |
[   10.769328] cloud-init[936]: ci-info: +-------+-------------+---------+-----------+-------+
[   10.785106] cloud-init[936]: Generating public/private rsa key pair.
[   10.806153] cloud-init[936]: Your identification has been saved in /etc/ssh/ssh_host_rsa_key.
[   10.813134] cloud-init[936]: Your public key has been saved in /etc/ssh/ssh_host_rsa_key.pub.
[   10.821380] cloud-init[936]: The key fingerprint is:
[   10.825389] cloud-init[936]: SHA256:Rbg8tchcYILR0FSOBhaB5Y7aiEauDQKvrOHiBeE6QYI root@ubuntu-xenial
[   10.844748] cloud-init[936]: The key's randomart image is:
[   10.851940] cloud-init[936]: +---[RSA 2048]----+
[   10.855707] cloud-init[936]: |   oOXo.+o.      |
[   10.861672] cloud-init[936]: |. .o..o=..o      |
[   10.866652] cloud-init[936]: |Eo  . o+.=..     |
[   10.871001] cloud-init[936]: |+ .o .  B..      |
[   10.873373] cloud-init[936]: |o+. .   S.       |
[   10.876266] cloud-init[936]: |**.              |
[   10.879789] cloud-init[936]: |Xoo.             |
[   10.882091] cloud-init[936]: |B*.              |
[   10.884436] cloud-init[936]: |B+.              |
[   10.887200] cloud-init[936]: +----[SHA256]-----+
[   10.889079] cloud-init[936]: Generating public/private dsa key pair.
[   10.892671] cloud-init[936]: Your identification has been saved in /etc/ssh/ssh_host_dsa_key.
[   10.896287] cloud-init[936]: Your public key has been saved in /etc/ssh/ssh_host_dsa_key.pub.
[   10.900065] cloud-init[936]: The key fingerprint is:
[   10.902883] cloud-init[936]: SHA256:3z4ZRnwHOuqVKT6COfraAD+o7MOgfkLiYGZ9NOr8Icw root@ubuntu-xenial
[   10.907176] cloud-init[936]: The key's randomart image is:
[   10.910296] cloud-init[936]: +---[DSA 1024]----+
[   10.913016] cloud-init[936]: |                 |
[   10.915250] cloud-init[936]: |              .  |
[   10.917685] cloud-init[936]: |           . . . |
[   10.919133] cloud-init[936]: |     o      = . .|
[   10.920724] cloud-init[936]: |  o o . S  o = . |
[   10.922457] cloud-init[936]: |+=o* .   .o.*    |
[   10.924470] cloud-init[936]: |% +E=. o o.+.o   |
[   10.933061] cloud-init[936]: |o* +.+= . +.o    |
[   10.935028] cloud-init[936]: |+++ +=o. . ...   |
[   10.952835] [[0;32m  OK  [0m] Started Initial cloud-init job (metadata service crawler).
[[0;32m  OK  [0m] Reached target Cloud-config availability.
cloud-init[936]: +----[SHA256]-----+
[   10.957719] [cloud-init[0;32m  OK  [0m[936]: ] Generating public/private ecdsa key pair.Reached target System Initialization.

[   10.959829] [cloud-init[0;32m  OK  [0m[936]: ] Your identification has been saved in /etc/ssh/ssh_host_ecdsa_key.Listening on UUID daemon activation socket.

[   10.974027]          cloud-initStarting LXD - unix socket.[936]: 
Your public key has been saved in /etc/ssh/ssh_host_ecdsa_key.pub.
[   10.978350] [cloud-init[0;32m  OK  [0m[936]: ] The key fingerprint is:Listening on ACPID Listen Socket.

[   10.981245] [cloud-init[0;32m  OK  [0m[936]: ] SHA256:GpznWBVzPYxC5gVTMe/0oe/176Ye98Sy///SFuqcOQc root@ubuntu-xenialStarted Daily apt download activities.

[[0;32m  OK  [0m] Started Daily apt upgrade and clean activities.
[   10.982605] cloud-init[936]: The key's randomart image is:
[   10.992606]          cloud-initStarting Socket activation for snappy daemon.[936]: 
+---[ECDSA 256]---+
[[0;32m  OK  [0m] Listening on D-Bus System Message Bus Socket.
[   10.993972] [cloud-init[0;32m  OK  [0m[936]: ] |         .Bo*=   |Started Daily Cleanup of Temporary Directories.

[   11.006050] [cloud-init[0;32m  OK  [0m[936]: ] |         o.*.o+  |Reached target Timers.

[   11.006810] cloud-init[936]: |          o.  oo |
[   11.011775] [cloud-init[0;32m  OK  [0m[936]: ] |     . . .   o...|Started ACPI Events Check.

[   11.020579] [cloud-init[0;32m  OK  [0m[936]: ] |      + S    .. .|Reached target Paths.

[[0;32m  OK  [0m] Reached target Network is Online.
[   11.022475] cloud-init[936]: |       B     E.o |
[   11.025972] cloud-init[936]: |      o .     =o*|
[   11.027966] cloud-init[936]: |            .o=BB|
[   11.029811] cloud-init[936]: |            .**O#|
[   11.031642] cloud-init[936]: +----[SHA256]-----+
[   11.033719] cloud-init[936]: Generating public/private ed25519 key pair.
[   11.035985] cloud-init[936]: Your identification has been saved in /etc/ssh/ssh_host_ed25519_key.
[   11.039095] cloud-init[936]: Your public key has been saved in /etc/ssh/ssh_host_ed25519_key.pub.
[   11.042292] cloud-init[936]: The key fingerprint is:
[   11.057523] cloud-init[936]: SHA256:S8sg810bNTD25KAUjxLJcM5EdqOGhIHAVqauyqkAOuQ root@ubuntu-xenial
[   11.057840] cloud-init[936]: The key's randomart image is:
         Starting iSCSI initiator daemon (iscsid)...[   11.059089] 
cloud-init[936]: +--[ED25519 256]--+
[   11.063680] cloud-init[936]: |+.o=o+*.=.= .    |
[   11.065997] cloud-init[936]: |.o+. Bo= * B     |
[   11.066260] cloud-init[936]: |..  . * o . =    |
[[0;32m  OK  [0m] Listening on LXD - unix socket.
[[0;32m  OK  [0m] Listening on Socket activation for snappy daemon.
[   11.066889] cloud-init[936]: |.    . .   . .   |
[   11.081171] cloud-init[936]: |.o  o . S o      |
[   11.090806] cloud-init[936]: |*    + = + o     |
[   11.091271] cloud-init[936]: |=E    . = .      |
[   11.093238] cloud-init[936]: |+..              |
[   11.093639] cloud-init[936]: |+o               |
[   11.093689] cloud-init[936]: +----[SHA256]-----+
[[0;32m  OK  [0m] Started iSCSI initiator daemon (iscsid).
         Starting Login to default iSCSI targets...
[[0;32m  OK  [0m] Reached target Sockets.
[[0;32m  OK  [0m] Reached target Basic System.
         Starting Virtualbox guest utils...
[[0;32m  OK  [0m] Started Regular background program processing daemon.
[[0;32m  OK  [0m] Started FUSE filesystem for LXC.
[[0;32m  OK  [0m] Started ACPI event daemon.
         Starting LSB: Record successful boot for GRUB...
         Starting System Logging Service...
[[0;32m  OK  [0m] Started Deferred execution scheduler.
         Starting LSB: MD monitoring daemon...
         Starting Pollinate to seed the pseudo random number generator...
[[0;32m  OK  [0m] Started Unattended Upgrades Shutdown.
         Starting LXD - container startup/shutdown...
         Starting /etc/rc.local Compatibility...
         Starting Login Service...
         Starting Accounts Service...
         Starting Snappy daemon...
[[0;32m  OK  [0m] Started D-Bus System Message Bus.
[[0;32m  OK  [0m] Started System Logging Service.
[[0;32m  OK  [0m] Started /etc/rc.local Compatibility.
[[0;32m  OK  [0m] Started Login to default iSCSI targets.
[[0;32m  OK  [0m] Started LSB: Record successful boot for GRUB.
[[0;32m  OK  [0m] Started LXD - container startup/shutdown.
[[0;32m  OK  [0m] Started LSB: MD monitoring daemon.
[[0;32m  OK  [0m] Started Login Service.
         Starting Authenticate and Authorize Users to Run Privileged Tasks...
[[0;32m  OK  [0m] Reached target Remote File Systems (Pre).
[[0;32m  OK  [0m] Reached target Remote File Systems.
         Starting Permit User Sessions...
         Starting LSB: automatic crash report generation...
         Starting LSB: daemon to balance interrupts for SMP systems...
         Starting LSB: Set the CPU Frequency Scaling governor to "ondemand"...
[[0;32m  OK  [0m] Started Snappy daemon.
[[0;32m  OK  [0m] Started Permit User Sessions.
[[0;32m  OK  [0m] Started Virtualbox guest utils.
         Starting Hold until boot process finishes up...
         Starting Terminate Plymouth Boot Screen...
         Starting Wait until snapd is fully seeded...
[[0;32m  OK  [0m] Started LSB: Set the CPU Frequency Scaling governor to "ondemand".
[[0;32m  OK  [0m] Started Authenticate and Authorize Users to Run Privileged Tasks.
[[0;32m  OK  [0m] Started Accounts Service.
[[0;32m  OK  [0m] Started Terminate Plymouth Boot Screen.
[[0;32m  OK  [0m] Started Hold until boot process finishes up.
[[0;32m  OK  [0m] Started LSB: daemon to balance interrupts for SMP systems.
[[0;32m  OK  [0m] Started Getty on tty1.
         Starting Set console scheme...
[[0;32m  OK  [0m] Started Serial Getty on ttyS0.
[[0;32m  OK  [0m] Reached target Login Prompts.
[[0;32m  OK  [0m] Started Pollinate to seed the pseudo random number generator.
[[0;32m  OK  [0m] Started LSB: automatic crash report generation.
[[0;32m  OK  [0m] Started Set console scheme.
         Starting OpenBSD Secure Shell server...
[[0;32m  OK  [0m] Started OpenBSD Secure Shell server.
[[0;32m  OK  [0m] Started Wait until snapd is fully seeded.
         Starting Apply the settings specified in cloud-config...
[[0;32m  OK  [0m] Reached target Multi-User System.
[[0;32m  OK  [0m] Reached target Graphical Interface.
         Starting Update UTMP about System Runlevel Changes...
[[0;32m  OK  [0m] Started Update UTMP about System Runlevel Changes.
[   15.005994] cloud-init[1272]: Generating locales (this might take a while)...
[   15.943299] cloud-init[1272]:   en_US.UTF-8... done
[   15.945542] cloud-init[1272]: Generation complete.
[   16.521622] cloud-init[1272]: Cloud-init v. 18.5-45-g3554ffe8-0ubuntu1~16.04.1 running 'modules:config' at Tue, 28 May 2019 15:10:04 +0000. Up 14.88 seconds.
[[0;32m  OK  [0m] Started Apply the settings specified in cloud-config.
         Starting Execute cloud user/final scripts...
ci-info: no authorized ssh keys fingerprints found for user ubuntu.
<14>May 28 15:10:06 ec2: 
<14>May 28 15:10:06 ec2: #############################################################
<14>May 28 15:10:06 ec2: -----BEGIN SSH HOST KEY FINGERPRINTS-----
<14>May 28 15:10:06 ec2: 1024 SHA256:3z4ZRnwHOuqVKT6COfraAD+o7MOgfkLiYGZ9NOr8Icw root@ubuntu-xenial (DSA)
<14>May 28 15:10:06 ec2: 256 SHA256:GpznWBVzPYxC5gVTMe/0oe/176Ye98Sy///SFuqcOQc root@ubuntu-xenial (ECDSA)
<14>May 28 15:10:06 ec2: 256 SHA256:S8sg810bNTD25KAUjxLJcM5EdqOGhIHAVqauyqkAOuQ root@ubuntu-xenial (ED25519)
<14>May 28 15:10:06 ec2: 2048 SHA256:Rbg8tchcYILR0FSOBhaB5Y7aiEauDQKvrOHiBeE6QYI root@ubuntu-xenial (RSA)
<14>May 28 15:10:06 ec2: -----END SSH HOST KEY FINGERPRINTS-----
<14>May 28 15:10:06 ec2: #############################################################
-----BEGIN SSH HOST KEY KEYS-----
ecdsa-sha2-nistp256 AAAAE2VjZHNhLXNoYTItbmlzdHAyNTYAAAAIbmlzdHAyNTYAAABBBMrl2EZPvNicPyOhaw6dlTdvK3h10gNsIE4Pi5loEmqsVhmbvgyUlhweiwXJUWL9qI1eUHYze5iQubBWo2+WibQ= root@ubuntu-xenial
ssh-ed25519 AAAAC3NzaC1lZDI1NTE5AAAAIBzoncKDBIfV/KRh46RB2RPddVKB4IcyWEpBHtOi6FE2 root@ubuntu-xenial
ssh-rsa AAAAB3NzaC1yc2EAAAADAQABAAABAQDQ4AVvuey7VwRJ6r21ndkohREF7MsNbvLrztjEHT+lobWxl4X1fPF+j6IE779myKOVAfrFW3Uy9ag3eJMQaxw8meBna6WeEQZDTRVpfJI5A1sSU5URMyGX17ZZbo192JoPtRTdJHTHE30cY2uLERuJHWG5j8F6ltY/cY1pBvgEy5G+f58N/u0BS8RNd2TzpFDy+ZebEoRius+knuYcy/rSJdmUpoFMjf2iyXOtpLrNpyxeZs06zluIgbZNfLgSLm/KoscmOD5jgpDRUOXpGBUveqHM+OrVD4FohNunyptYRvpC+5yUXqPbf8ZIpCSHxeMutA5GNwM+hHe97hDZu9D1 root@ubuntu-xenial
-----END SSH HOST KEY KEYS-----
[   17.111516] cloud-init[1314]: Cloud-init v. 18.5-45-g3554ffe8-0ubuntu1~16.04.1 running 'modules:final' at Tue, 28 May 2019 15:10:06 +0000. Up 16.94 seconds.
[   17.140196] cloud-init[1314]: ci-info: no authorized ssh keys fingerprints found for user ubuntu.
[   17.143839] cloud-init[1314]: Cloud-init v. 18.5-45-g3554ffe8-0ubuntu1~16.04.1 finished at Tue, 28 May 2019 15:10:06 +0000. Datasource DataSourceNoCloud [seed=/dev/sdb][dsmode=net].  Up 17.09 seconds

Ubuntu 16.04.6 LTS ubuntu-xenial ttyS0

ubuntu-xenial login: 